<?xml version="1.0" encoding="UTF-8"?>
<testng-results ignored="0" total="1" passed="1" failed="0" skipped="0">
  <reporter-output>
  </reporter-output>
  <suite started-at="2023-11-09T18:08:09 GMT-05:00" name="Default suite" finished-at="2023-11-09T18:08:28 GMT-05:00" duration-ms="19040">
    <groups>
    </groups>
    <test started-at="2023-11-09T18:08:09 GMT-05:00" name="Default test" finished-at="2023-11-09T18:08:28 GMT-05:00" duration-ms="19040">
      <class name="SeleniumFramework01.TestThroughPageObject">
        <test-method signature="endToendSibmitOrdertTest()[pri:0, instance:SeleniumFramework01.TestThroughPageObject@12b0404f]" started-at="2023-11-09T18:08:09 GMT-05:00" name="endToendSibmitOrdertTest" finished-at="2023-11-09T18:08:28 GMT-05:00" duration-ms="19004" status="PASS">
          <reporter-output>
          </reporter-output>
        </test-method> <!-- endToendSibmitOrdertTest -->
      </class> <!-- SeleniumFramework01.TestThroughPageObject -->
    </test> <!-- Default test -->
  </suite> <!-- Default suite -->
</testng-results>
